C:\Program Files (x86)\MSBuild\Microsoft.Cpp\v4.0\V140\Microsoft.CppBuild.targets(368,5): warning MSB8004: Output Directory does not end with a trailing slash.  This build instance will add the slash as it is required to allow proper evaluation of the Output Directory.
  stdafx.cpp
  HQStock.pb.cc
  ParseFile.cpp
ParseFile.cpp(36): warning C4244: “初始化”: 从“std::streamoff”转换到“unsigned int”，可能丢失数据
ParseFile.cpp(42): warning C4244: “参数”: 从“std::streamoff”转换到“std::size_t”，可能丢失数据
ParseFile.cpp(88): warning C4018: “<=”: 有符号/无符号不匹配
  main.cpp
  PublicFunc.cpp
  正在生成代码
e:\hundsun\parsequotation\parsequotation\parsequotation\parsefile.cpp(131): warning C4715: “ParseFile::ReadLn”: 不是所有的控件路径都返回值
  All 3442 functions were compiled because no usable IPDB/IOBJ from previous compilation was found.
  已完成代码的生成
libprotobuf.lib(descriptor.obj) : warning LNK4099: 未找到 PDB“libprotobuf.pdb”(使用“libprotobuf.lib(descriptor.obj)”或在“E:\hundsun\ParseQuotation\ParseQuotation\bin\libprotobuf.pdb”中寻找)；正在链接对象，如同没有调试信息一样
libprotobuf.lib(descriptor.pb.obj) : warning LNK4099: 未找到 PDB“libprotobuf.pdb”(使用“libprotobuf.lib(descriptor.pb.obj)”或在“E:\hundsun\ParseQuotation\ParseQuotation\bin\libprotobuf.pdb”中寻找)；正在链接对象，如同没有调试信息一样
libprotobuf.lib(descriptor_database.obj) : warning LNK4099: 未找到 PDB“libprotobuf.pdb”(使用“libprotobuf.lib(descriptor_database.obj)”或在“E:\hundsun\ParseQuotation\ParseQuotation\bin\libprotobuf.pdb”中寻找)；正在链接对象，如同没有调试信息一样
libprotobuf.lib(dynamic_message.obj) : warning LNK4099: 未找到 PDB“libprotobuf.pdb”(使用“libprotobuf.lib(dynamic_message.obj)”或在“E:\hundsun\ParseQuotation\ParseQuotation\bin\libprotobuf.pdb”中寻找)；正在链接对象，如同没有调试信息一样
libprotobuf.lib(extension_set.obj) : warning LNK4099: 未找到 PDB“libprotobuf.pdb”(使用“libprotobuf.lib(extension_set.obj)”或在“E:\hundsun\ParseQuotation\ParseQuotation\bin\libprotobuf.pdb”中寻找)；正在链接对象，如同没有调试信息一样
libprotobuf.lib(extension_set_heavy.obj) : warning LNK4099: 未找到 PDB“libprotobuf.pdb”(使用“libprotobuf.lib(extension_set_heavy.obj)”或在“E:\hundsun\ParseQuotation\ParseQuotation\bin\libprotobuf.pdb”中寻找)；正在链接对象，如同没有调试信息一样
libprotobuf.lib(generated_message_reflection.obj) : warning LNK4099: 未找到 PDB“libprotobuf.pdb”(使用“libprotobuf.lib(generated_message_reflection.obj)”或在“E:\hundsun\ParseQuotation\ParseQuotation\bin\libprotobuf.pdb”中寻找)；正在链接对象，如同没有调试信息一样
libprotobuf.lib(generated_message_util.obj) : warning LNK4099: 未找到 PDB“libprotobuf.pdb”(使用“libprotobuf.lib(generated_message_util.obj)”或在“E:\hundsun\ParseQuotation\ParseQuotation\bin\libprotobuf.pdb”中寻找)；正在链接对象，如同没有调试信息一样
libprotobuf.lib(coded_stream.obj) : warning LNK4099: 未找到 PDB“libprotobuf.pdb”(使用“libprotobuf.lib(coded_stream.obj)”或在“E:\hundsun\ParseQuotation\ParseQuotation\bin\libprotobuf.pdb”中寻找)；正在链接对象，如同没有调试信息一样
libprotobuf.lib(strtod.obj) : warning LNK4099: 未找到 PDB“libprotobuf.pdb”(使用“libprotobuf.lib(strtod.obj)”或在“E:\hundsun\ParseQuotation\ParseQuotation\bin\libprotobuf.pdb”中寻找)；正在链接对象，如同没有调试信息一样
libprotobuf.lib(tokenizer.obj) : warning LNK4099: 未找到 PDB“libprotobuf.pdb”(使用“libprotobuf.lib(tokenizer.obj)”或在“E:\hundsun\ParseQuotation\ParseQuotation\bin\libprotobuf.pdb”中寻找)；正在链接对象，如同没有调试信息一样
libprotobuf.lib(zero_copy_stream.obj) : warning LNK4099: 未找到 PDB“libprotobuf.pdb”(使用“libprotobuf.lib(zero_copy_stream.obj)”或在“E:\hundsun\ParseQuotation\ParseQuotation\bin\libprotobuf.pdb”中寻找)；正在链接对象，如同没有调试信息一样
libprotobuf.lib(zero_copy_stream_impl.obj) : warning LNK4099: 未找到 PDB“libprotobuf.pdb”(使用“libprotobuf.lib(zero_copy_stream_impl.obj)”或在“E:\hundsun\ParseQuotation\ParseQuotation\bin\libprotobuf.pdb”中寻找)；正在链接对象，如同没有调试信息一样
libprotobuf.lib(zero_copy_stream_impl_lite.obj) : warning LNK4099: 未找到 PDB“libprotobuf.pdb”(使用“libprotobuf.lib(zero_copy_stream_impl_lite.obj)”或在“E:\hundsun\ParseQuotation\ParseQuotation\bin\libprotobuf.pdb”中寻找)；正在链接对象，如同没有调试信息一样
libprotobuf.lib(message.obj) : warning LNK4099: 未找到 PDB“libprotobuf.pdb”(使用“libprotobuf.lib(message.obj)”或在“E:\hundsun\ParseQuotation\ParseQuotation\bin\libprotobuf.pdb”中寻找)；正在链接对象，如同没有调试信息一样
libprotobuf.lib(message_lite.obj) : warning LNK4099: 未找到 PDB“libprotobuf.pdb”(使用“libprotobuf.lib(message_lite.obj)”或在“E:\hundsun\ParseQuotation\ParseQuotation\bin\libprotobuf.pdb”中寻找)；正在链接对象，如同没有调试信息一样
libprotobuf.lib(reflection_ops.obj) : warning LNK4099: 未找到 PDB“libprotobuf.pdb”(使用“libprotobuf.lib(reflection_ops.obj)”或在“E:\hundsun\ParseQuotation\ParseQuotation\bin\libprotobuf.pdb”中寻找)；正在链接对象，如同没有调试信息一样
libprotobuf.lib(repeated_field.obj) : warning LNK4099: 未找到 PDB“libprotobuf.pdb”(使用“libprotobuf.lib(repeated_field.obj)”或在“E:\hundsun\ParseQuotation\ParseQuotation\bin\libprotobuf.pdb”中寻找)；正在链接对象，如同没有调试信息一样
libprotobuf.lib(atomicops_internals_x86_msvc.obj) : warning LNK4099: 未找到 PDB“libprotobuf.pdb”(使用“libprotobuf.lib(atomicops_internals_x86_msvc.obj)”或在“E:\hundsun\ParseQuotation\ParseQuotation\bin\libprotobuf.pdb”中寻找)；正在链接对象，如同没有调试信息一样
libprotobuf.lib(common.obj) : warning LNK4099: 未找到 PDB“libprotobuf.pdb”(使用“libprotobuf.lib(common.obj)”或在“E:\hundsun\ParseQuotation\ParseQuotation\bin\libprotobuf.pdb”中寻找)；正在链接对象，如同没有调试信息一样
libprotobuf.lib(once.obj) : warning LNK4099: 未找到 PDB“libprotobuf.pdb”(使用“libprotobuf.lib(once.obj)”或在“E:\hundsun\ParseQuotation\ParseQuotation\bin\libprotobuf.pdb”中寻找)；正在链接对象，如同没有调试信息一样
libprotobuf.lib(stringprintf.obj) : warning LNK4099: 未找到 PDB“libprotobuf.pdb”(使用“libprotobuf.lib(stringprintf.obj)”或在“E:\hundsun\ParseQuotation\ParseQuotation\bin\libprotobuf.pdb”中寻找)；正在链接对象，如同没有调试信息一样
libprotobuf.lib(structurally_valid.obj) : warning LNK4099: 未找到 PDB“libprotobuf.pdb”(使用“libprotobuf.lib(structurally_valid.obj)”或在“E:\hundsun\ParseQuotation\ParseQuotation\bin\libprotobuf.pdb”中寻找)；正在链接对象，如同没有调试信息一样
libprotobuf.lib(strutil.obj) : warning LNK4099: 未找到 PDB“libprotobuf.pdb”(使用“libprotobuf.lib(strutil.obj)”或在“E:\hundsun\ParseQuotation\ParseQuotation\bin\libprotobuf.pdb”中寻找)；正在链接对象，如同没有调试信息一样
libprotobuf.lib(substitute.obj) : warning LNK4099: 未找到 PDB“libprotobuf.pdb”(使用“libprotobuf.lib(substitute.obj)”或在“E:\hundsun\ParseQuotation\ParseQuotation\bin\libprotobuf.pdb”中寻找)；正在链接对象，如同没有调试信息一样
libprotobuf.lib(text_format.obj) : warning LNK4099: 未找到 PDB“libprotobuf.pdb”(使用“libprotobuf.lib(text_format.obj)”或在“E:\hundsun\ParseQuotation\ParseQuotation\bin\libprotobuf.pdb”中寻找)；正在链接对象，如同没有调试信息一样
libprotobuf.lib(unknown_field_set.obj) : warning LNK4099: 未找到 PDB“libprotobuf.pdb”(使用“libprotobuf.lib(unknown_field_set.obj)”或在“E:\hundsun\ParseQuotation\ParseQuotation\bin\libprotobuf.pdb”中寻找)；正在链接对象，如同没有调试信息一样
libprotobuf.lib(wire_format.obj) : warning LNK4099: 未找到 PDB“libprotobuf.pdb”(使用“libprotobuf.lib(wire_format.obj)”或在“E:\hundsun\ParseQuotation\ParseQuotation\bin\libprotobuf.pdb”中寻找)；正在链接对象，如同没有调试信息一样
libprotobuf.lib(wire_format_lite.obj) : warning LNK4099: 未找到 PDB“libprotobuf.pdb”(使用“libprotobuf.lib(wire_format_lite.obj)”或在“E:\hundsun\ParseQuotation\ParseQuotation\bin\libprotobuf.pdb”中寻找)；正在链接对象，如同没有调试信息一样
  ParseQuotation.vcxproj -> E:\hundsun\ParseQuotation\ParseQuotation\ParseQuotation\..\bin\ParseQuotation.exe
  ParseQuotation.vcxproj -> ..\bin\ParseQuotation.pdb (Full PDB)
